# JRE version: OpenJDK Runtime Environment (8.0_60-b24) (build 1.8.0_60-b24)
# Java VM: OpenJDK 64-Bit Server VM (25.60-b23 mixed mode linux-amd64 compressed oops)
Heap:
 PSYoungGen      total 36352K, used 11736K [0x00000000d7c00000, 0x00000000dac00000, 0x0000000100000000)
  eden space 31232K, 21% used [0x00000000d7c00000,0x00000000d82790d0,0x00000000d9a80000)
  from space 5120K, 99% used [0x00000000d9a80000,0x00000000d9f7d128,0x00000000d9f80000)
  to   space 5120K, 0% used [0x00000000da700000,0x00000000da700000,0x00000000dac00000)
 ParOldGen       total 65536K, used 8779K [0x0000000087400000, 0x000000008b400000, 0x00000000d7c00000)
  object space 65536K, 13% used [0x0000000087400000,0x0000000087c92e10,0x000000008b400000)
 Metaspace       used 29171K, capacity 29386K, committed 29824K, reserved 1075200K
  class space    used 3550K, capacity 3618K, committed 3712K, reserved 1048576K
GC Heap History (10 events):
Event: 0.289 GC heap before
{Heap before GC invocations=4 (full 2):
 PSYoungGen      total 36352K, used 128K [0x00000000d7c00000, 0x00000000da480000, 0x0000000100000000)
  eden space 31232K, 0% used [0x00000000d7c00000,0x00000000d7c00000,0x00000000d9a80000)
  from space 5120K, 2% used [0x00000000d9f80000,0x00000000d9fa0000,0x00000000da480000)
  to   space 5120K, 0% used [0x00000000d9a80000,0x00000000d9a80000,0x00000000d9f80000)
 ParOldGen       total 83456K, used 1321K [0x0000000087400000, 0x000000008c580000, 0x00000000d7c00000)
  object space 83456K, 1% used [0x0000000087400000,0x000000008754a6c0,0x000000008c580000)
 Metaspace       used 7724K, capacity 7890K, committed 8192K, reserved 1056768K
  class space    used 856K, capacity 926K, committed 1024K, reserved 1048576K
Event: 0.300 GC heap after
Heap after GC invocations=4 (full 2):
 PSYoungGen      total 36352K, used 0K [0x00000000d7c00000, 0x00000000da480000, 0x0000000100000000)
  eden space 31232K, 0% used [0x00000000d7c00000,0x00000000d7c00000,0x00000000d9a80000)
  from space 5120K, 0% used [0x00000000d9f80000,0x00000000d9f80000,0x00000000da480000)
  to   space 5120K, 0% used [0x00000000d9a80000,0x00000000d9a80000,0x00000000d9f80000)
 ParOldGen       total 83456K, used 1272K [0x0000000087400000, 0x000000008c580000, 0x00000000d7c00000)
  object space 83456K, 1% used [0x0000000087400000,0x000000008753e368,0x000000008c580000)
 Metaspace       used 7724K, capacity 7890K, committed 8192K, reserved 1056768K
  class space    used 856K, capacity 926K, committed 1024K, reserved 1048576K
}
Event: 1.723 GC heap before
{Heap before GC invocations=5 (full 2):
 PSYoungGen      total 36352K, used 31232K [0x00000000d7c00000, 0x00000000da480000, 0x0000000100000000)
  eden space 31232K, 100% used [0x00000000d7c00000,0x00000000d9a80000,0x00000000d9a80000)
  from space 5120K, 0% used [0x00000000d9f80000,0x00000000d9f80000,0x00000000da480000)
  to   space 5120K, 0% used [0x00000000d9a80000,0x00000000d9a80000,0x00000000d9f80000)
 ParOldGen       total 83456K, used 1272K [0x0000000087400000, 0x000000008c580000, 0x00000000d7c00000)
  object space 83456K, 1% used [0x0000000087400000,0x000000008753e368,0x000000008c580000)
 Metaspace       used 19893K, capacity 20114K, committed 20608K, reserved 1067008K
  class space    used 2739K, capacity 2817K, committed 2944K, reserved 1048576K
Event: 1.735 GC heap after
Heap after GC invocations=5 (full 2):
 PSYoungGen      total 36352K, used 5116K [0x00000000d7c00000, 0x00000000da480000, 0x0000000100000000)
  eden space 31232K, 0% used [0x00000000d7c00000,0x00000000d7c00000,0x00000000d9a80000)
  from space 5120K, 99% used [0x00000000d9a80000,0x00000000d9f7f280,0x00000000d9f80000)
  to   space 5120K, 0% used [0x00000000d9f80000,0x00000000d9f80000,0x00000000da480000)
 ParOldGen       total 83456K, used 4882K [0x0000000087400000, 0x000000008c580000, 0x00000000d7c00000)
  object space 83456K, 5% used [0x0000000087400000,0x00000000878c4990,0x000000008c580000)
 Metaspace       used 19893K, capacity 20114K, committed 20608K, reserved 1067008K
  class space    used 2739K, capacity 2817K, committed 2944K, reserved 1048576K
}
Event: 4.744 GC heap before
{Heap before GC invocations=6 (full 2):
 PSYoungGen      total 36352K, used 8693K [0x00000000d7c00000, 0x00000000da480000, 0x0000000100000000)
  eden space 31232K, 11% used [0x00000000d7c00000,0x00000000d7f7e330,0x00000000d9a80000)
  from space 5120K, 99% used [0x00000000d9a80000,0x00000000d9f7f280,0x00000000d9f80000)
  to   space 5120K, 0% used [0x00000000d9f80000,0x00000000d9f80000,0x00000000da480000)
 ParOldGen       total 83456K, used 4882K [0x0000000087400000, 0x000000008c580000, 0x00000000d7c00000)
  object space 83456K, 5% used [0x0000000087400000,0x00000000878c4990,0x000000008c580000)
 Metaspace       used 20774K, capacity 20978K, committed 21296K, reserved 1067008K
  class space    used 2845K, capacity 2913K, committed 2944K, reserved 1048576K
Event: 4.751 GC heap after
Heap after GC invocations=6 (full 2):
 PSYoungGen      total 36352K, used 5116K [0x00000000d7c00000, 0x00000000da480000, 0x0000000100000000)
  eden space 31232K, 0% used [0x00000000d7c00000,0x00000000d7c00000,0x00000000d9a80000)
  from space 5120K, 99% used [0x00000000d9f80000,0x00000000da47f280,0x00000000da480000)
  to   space 5120K, 0% used [0x00000000d9a80000,0x00000000d9a80000,0x00000000d9f80000)
 ParOldGen       total 83456K, used 5057K [0x0000000087400000, 0x000000008c580000, 0x00000000d7c00000)
  object space 83456K, 6% used [0x0000000087400000,0x00000000878f0478,0x000000008c580000)
 Metaspace       used 20774K, capacity 20978K, committed 21296K, reserved 1067008K
  class space    used 2845K, capacity 2913K, committed 2944K, reserved 1048576K
}
Event: 4.751 GC heap before
{Heap before GC invocations=7 (full 3):
 PSYoungGen      total 36352K, used 5116K [0x00000000d7c00000, 0x00000000da480000, 0x0000000100000000)
  eden space 31232K, 0% used [0x00000000d7c00000,0x00000000d7c00000,0x00000000d9a80000)
  from space 5120K, 99% used [0x00000000d9f80000,0x00000000da47f280,0x00000000da480000)
  to   space 5120K, 0% used [0x00000000d9a80000,0x00000000d9a80000,0x00000000d9f80000)
 ParOldGen       total 83456K, used 5057K [0x0000000087400000, 0x000000008c580000, 0x00000000d7c00000)
  object space 83456K, 6% used [0x0000000087400000,0x00000000878f0478,0x000000008c580000)
 Metaspace       used 20774K, capacity 20978K, committed 21296K, reserved 1067008K
  class space    used 2845K, capacity 2913K, committed 2944K, reserved 1048576K
Event: 4.806 GC heap after
Heap after GC invocations=7 (full 3):
 PSYoungGen      total 36352K, used 0K [0x00000000d7c00000, 0x00000000da480000, 0x0000000100000000)
  eden space 31232K, 0% used [0x00000000d7c00000,0x00000000d7c00000,0x00000000d9a80000)
  from space 5120K, 0% used [0x00000000d9f80000,0x00000000d9f80000,0x00000000da480000)
  to   space 5120K, 0% used [0x00000000d9a80000,0x00000000d9a80000,0x00000000d9f80000)
 ParOldGen       total 65536K, used 8427K [0x0000000087400000, 0x000000008b400000, 0x00000000d7c00000)
  object space 65536K, 12% used [0x0000000087400000,0x0000000087c3af20,0x000000008b400000)
 Metaspace       used 20774K, capacity 20978K, committed 21296K, reserved 1067008K
  class space    used 2845K, capacity 2913K, committed 2944K, reserved 1048576K
}
Event: 7.753 GC heap before
{Heap before GC invocations=8 (full 3):
 PSYoungGen      total 36352K, used 31232K [0x00000000d7c00000, 0x00000000da480000, 0x0000000100000000)
  eden space 31232K, 100% used [0x00000000d7c00000,0x00000000d9a80000,0x00000000d9a80000)
  from space 5120K, 0% used [0x00000000d9f80000,0x00000000d9f80000,0x00000000da480000)
  to   space 5120K, 0% used [0x00000000d9a80000,0x00000000d9a80000,0x00000000d9f80000)
 ParOldGen       total 65536K, used 8427K [0x0000000087400000, 0x000000008b400000, 0x00000000d7c00000)
  object space 65536K, 12% used [0x0000000087400000,0x0000000087c3af20,0x000000008b400000)
 Metaspace       used 28669K, capacity 28938K, committed 29312K, reserved 1075200K
  class space    used 3543K, capacity 3618K, committed 3712K, reserved 1048576K
Event: 7.758 GC heap after
Heap after GC invocations=8 (full 3):
 PSYoungGen      total 36352K, used 5108K [0x00000000d7c00000, 0x00000000dac00000, 0x0000000100000000)
  eden space 31232K, 0% used [0x00000000d7c00000,0x00000000d7c00000,0x00000000d9a80000)
  from space 5120K, 99% used [0x00000000d9a80000,0x00000000d9f7d128,0x00000000d9f80000)
  to   space 5120K, 0% used [0x00000000da700000,0x00000000da700000,0x00000000dac00000)
 ParOldGen       total 65536K, used 8779K [0x0000000087400000, 0x000000008b400000, 0x00000000d7c00000)
  object space 65536K, 13% used [0x0000000087400000,0x0000000087c92e10,0x000000008b400000)
 Metaspace       used 28669K, capacity 28938K, committed 29312K, reserved 1075200K
  class space    used 3543K, capacity 3618K, committed 3712K, reserved 1048576K
}

